Determining if the pthread_create exist failed with the following output:
Change Dir: /home/student/Desktop/LinkedList/CMakeFiles/CMakeTmp

Run Build Command:"/usr/bin/make" "cmTC_a65d0/fast"
/usr/bin/make -f CMakeFiles/cmTC_a65d0.dir/build.make CMakeFiles/cmTC_a65d0.dir/build
make[1]: Entering directory '/home/student/Desktop/LinkedList/CMakeFiles/CMakeTmp'
Building C object CMakeFiles/cmTC_a65d0.dir/CheckSymbolExists.c.o
/usr/bin/cc    -o CMakeFiles/cmTC_a65d0.dir/CheckSymbolExists.c.o   -c /home/student/Desktop/LinkedList/CMakeFiles/CMakeTmp/CheckSymbolExists.c
Linking C executable cmTC_a65d0
/usr/bin/cmake -E cmake_link_script CMakeFiles/cmTC_a65d0.dir/link.txt --verbose=1
/usr/bin/cc      -rdynamic CMakeFiles/cmTC_a65d0.dir/CheckSymbolExists.c.o  -o cmTC_a65d0 
/usr/bin/ld: CMakeFiles/cmTC_a65d0.dir/CheckSymbolExists.c.o: in function `main':
CheckSymbolExists.c:(.text+0x1b): undefined reference to `pthread_create'
collect2: error: ld returned 1 exit status
make[1]: *** [CMakeFiles/cmTC_a65d0.dir/build.make:87: cmTC_a65d0] Error 1
make[1]: Leaving directory '/home/student/Desktop/LinkedList/CMakeFiles/CMakeTmp'
make: *** [Makefile:121: cmTC_a65d0/fast] Error 2

File /home/student/Desktop/LinkedList/CMakeFiles/CMakeTmp/CheckSymbolExists.c:
/* */
#include <pthread.h>

int main(int argc, char** argv)
{
  (void)argv;
#ifndef pthread_create
  return ((int*)(&pthread_create))[argc];
#else
  (void)argc;
  return 0;
#endif
}

Determining if the function pthread_create exists in the pthreads failed with the following output:
Change Dir: /home/student/Desktop/LinkedList/CMakeFiles/CMakeTmp

Run Build Command:"/usr/bin/make" "cmTC_dc718/fast"
/usr/bin/make -f CMakeFiles/cmTC_dc718.dir/build.make CMakeFiles/cmTC_dc718.dir/build
make[1]: Entering directory '/home/student/Desktop/LinkedList/CMakeFiles/CMakeTmp'
Building C object CMakeFiles/cmTC_dc718.dir/CheckFunctionExists.c.o
/usr/bin/cc   -DCHECK_FUNCTION_EXISTS=pthread_create   -o CMakeFiles/cmTC_dc718.dir/CheckFunctionExists.c.o   -c /usr/share/cmake-3.13/Modules/CheckFunctionExists.c
Linking C executable cmTC_dc718
/usr/bin/cmake -E cmake_link_script CMakeFiles/cmTC_dc718.dir/link.txt --verbose=1
/usr/bin/cc  -DCHECK_FUNCTION_EXISTS=pthread_create    -rdynamic CMakeFiles/cmTC_dc718.dir/CheckFunctionExists.c.o  -o cmTC_dc718 -lpthreads 
/usr/bin/ld: cannot find -lpthreads
collect2: error: ld returned 1 exit status
make[1]: *** [CMakeFiles/cmTC_dc718.dir/build.make:87: cmTC_dc718] Error 1
make[1]: Leaving directory '/home/student/Desktop/LinkedList/CMakeFiles/CMakeTmp'
make: *** [Makefile:121: cmTC_dc718/fast] Error 2


